c:\users\diogo\documents\github\1dae10_gd\1dae10e_08_demouracoutinho_diogo\sprites\debug\sprites.pch
c:\users\diogo\documents\github\1dae10_gd\1dae10e_08_demouracoutinho_diogo\sprites\debug\vc142.pdb
c:\users\diogo\documents\github\1dae10_gd\1dae10e_08_demouracoutinho_diogo\sprites\debug\vc142.idb
c:\users\diogo\documents\github\1dae10_gd\1dae10e_08_demouracoutinho_diogo\sprites\debug\pch.obj
c:\users\diogo\documents\github\1dae10_gd\1dae10e_08_demouracoutinho_diogo\sprites\debug\utils.obj
c:\users\diogo\documents\github\1dae10_gd\1dae10e_08_demouracoutinho_diogo\sprites\debug\structs.obj
c:\users\diogo\documents\github\1dae10_gd\1dae10e_08_demouracoutinho_diogo\sprites\debug\main.obj
c:\users\diogo\documents\github\1dae10_gd\1dae10e_08_demouracoutinho_diogo\sprites\debug\game.obj
c:\users\diogo\documents\github\1dae10_gd\1dae10e_08_demouracoutinho_diogo\sprites\debug\core.obj
c:\users\diogo\documents\github\1dae10_gd\1dae10e_08_demouracoutinho_diogo\sprites\debug\sprites.ilk
c:\users\diogo\documents\github\1dae10_gd\1dae10e_08_demouracoutinho_diogo\sprites\debug\sprites.exe
c:\users\diogo\documents\github\1dae10_gd\1dae10e_08_demouracoutinho_diogo\sprites\debug\sprites.pdb
c:\users\diogo\documents\github\1dae10_gd\1dae10e_08_demouracoutinho_diogo\sprites\debug\libflac-8.dll
c:\users\diogo\documents\github\1dae10_gd\1dae10e_08_demouracoutinho_diogo\sprites\debug\libfreetype-6.dll
c:\users\diogo\documents\github\1dae10_gd\1dae10e_08_demouracoutinho_diogo\sprites\debug\libjpeg-9.dll
c:\users\diogo\documents\github\1dae10_gd\1dae10e_08_demouracoutinho_diogo\sprites\debug\libmodplug-1.dll
c:\users\diogo\documents\github\1dae10_gd\1dae10e_08_demouracoutinho_diogo\sprites\debug\libmpg123-0.dll
c:\users\diogo\documents\github\1dae10_gd\1dae10e_08_demouracoutinho_diogo\sprites\debug\libogg-0.dll
c:\users\diogo\documents\github\1dae10_gd\1dae10e_08_demouracoutinho_diogo\sprites\debug\libopus-0.dll
c:\users\diogo\documents\github\1dae10_gd\1dae10e_08_demouracoutinho_diogo\sprites\debug\libopusfile-0.dll
c:\users\diogo\documents\github\1dae10_gd\1dae10e_08_demouracoutinho_diogo\sprites\debug\libpng16-16.dll
c:\users\diogo\documents\github\1dae10_gd\1dae10e_08_demouracoutinho_diogo\sprites\debug\libtiff-5.dll
c:\users\diogo\documents\github\1dae10_gd\1dae10e_08_demouracoutinho_diogo\sprites\debug\libvorbis-0.dll
c:\users\diogo\documents\github\1dae10_gd\1dae10e_08_demouracoutinho_diogo\sprites\debug\libvorbisfile-3.dll
c:\users\diogo\documents\github\1dae10_gd\1dae10e_08_demouracoutinho_diogo\sprites\debug\libwebp-7.dll
c:\users\diogo\documents\github\1dae10_gd\1dae10e_08_demouracoutinho_diogo\sprites\debug\sdl2.dll
c:\users\diogo\documents\github\1dae10_gd\1dae10e_08_demouracoutinho_diogo\sprites\debug\sdl2_image.dll
c:\users\diogo\documents\github\1dae10_gd\1dae10e_08_demouracoutinho_diogo\sprites\debug\sdl2_mixer.dll
c:\users\diogo\documents\github\1dae10_gd\1dae10e_08_demouracoutinho_diogo\sprites\debug\sdl2_ttf.dll
c:\users\diogo\documents\github\1dae10_gd\1dae10e_08_demouracoutinho_diogo\sprites\debug\zlib1.dll
c:\users\diogo\documents\github\1dae10_gd\1dae10e_08_demouracoutinho_diogo\sprites\debug\sprites.tlog\cl.command.1.tlog
c:\users\diogo\documents\github\1dae10_gd\1dae10e_08_demouracoutinho_diogo\sprites\debug\sprites.tlog\cl.read.1.tlog
c:\users\diogo\documents\github\1dae10_gd\1dae10e_08_demouracoutinho_diogo\sprites\debug\sprites.tlog\cl.write.1.tlog
c:\users\diogo\documents\github\1dae10_gd\1dae10e_08_demouracoutinho_diogo\sprites\debug\sprites.tlog\link.command.1.tlog
c:\users\diogo\documents\github\1dae10_gd\1dae10e_08_demouracoutinho_diogo\sprites\debug\sprites.tlog\link.read.1.tlog
c:\users\diogo\documents\github\1dae10_gd\1dae10e_08_demouracoutinho_diogo\sprites\debug\sprites.tlog\link.write.1.tlog
