c:\users\diogo\documents\dae- 1st semester\_programming 01\labs\labs week 2\1dae10e_02_demouracoutinho_diogo\variables2basics\x64\debug\variables2basics.pch
c:\users\diogo\documents\dae- 1st semester\_programming 01\labs\labs week 2\1dae10e_02_demouracoutinho_diogo\variables2basics\x64\debug\vc142.pdb
c:\users\diogo\documents\dae- 1st semester\_programming 01\labs\labs week 2\1dae10e_02_demouracoutinho_diogo\variables2basics\x64\debug\vc142.idb
c:\users\diogo\documents\dae- 1st semester\_programming 01\labs\labs week 2\1dae10e_02_demouracoutinho_diogo\variables2basics\x64\debug\pch.obj
c:\users\diogo\documents\dae- 1st semester\_programming 01\labs\labs week 2\1dae10e_02_demouracoutinho_diogo\variables2basics\x64\debug\variables2basics.obj
c:\users\diogo\documents\github\1dae10_gd\1dae10e_02_demouracoutinho_diogo\variables2basics\x64\debug\variables2basics.pch
c:\users\diogo\documents\github\1dae10_gd\1dae10e_02_demouracoutinho_diogo\variables2basics\x64\debug\vc142.pdb
c:\users\diogo\documents\github\1dae10_gd\1dae10e_02_demouracoutinho_diogo\variables2basics\x64\debug\vc142.idb
c:\users\diogo\documents\github\1dae10_gd\1dae10e_02_demouracoutinho_diogo\variables2basics\x64\debug\pch.obj
c:\users\diogo\documents\github\1dae10_gd\1dae10e_02_demouracoutinho_diogo\variables2basics\x64\debug\variables2basics.obj
c:\users\diogo\documents\dae- 1st semester\_programming 01\labs\labs week 2\1dae10e_02_demouracoutinho_diogo\variables2basics\x64\debug\variables2basics.ilk
c:\users\diogo\documents\dae- 1st semester\_programming 01\labs\labs week 2\1dae10e_02_demouracoutinho_diogo\variables2basics\x64\debug\variables2basics.exe
c:\users\diogo\documents\dae- 1st semester\_programming 01\labs\labs week 2\1dae10e_02_demouracoutinho_diogo\variables2basics\x64\debug\variables2basics.pdb
c:\users\diogo\documents\github\1dae10_gd\1dae10e_02_demouracoutinho_diogo\variables2basics\x64\debug\variables2basics.exe
c:\users\diogo\documents\github\1dae10_gd\1dae10e_02_demouracoutinho_diogo\variables2basics\x64\debug\variables2basics.ilk
c:\users\diogo\documents\github\1dae10_gd\1dae10e_02_demouracoutinho_diogo\variables2basics\x64\debug\variables2basics.pdb
c:\users\diogo\documents\github\1dae10_gd\1dae10e_02_demouracoutinho_diogo\variables2basics\x64\debug\variables2basics.tlog\cl.command.1.tlog
c:\users\diogo\documents\github\1dae10_gd\1dae10e_02_demouracoutinho_diogo\variables2basics\x64\debug\variables2basics.tlog\cl.read.1.tlog
c:\users\diogo\documents\github\1dae10_gd\1dae10e_02_demouracoutinho_diogo\variables2basics\x64\debug\variables2basics.tlog\cl.write.1.tlog
c:\users\diogo\documents\github\1dae10_gd\1dae10e_02_demouracoutinho_diogo\variables2basics\x64\debug\variables2basics.tlog\link.command.1.tlog
c:\users\diogo\documents\github\1dae10_gd\1dae10e_02_demouracoutinho_diogo\variables2basics\x64\debug\variables2basics.tlog\link.read.1.tlog
c:\users\diogo\documents\github\1dae10_gd\1dae10e_02_demouracoutinho_diogo\variables2basics\x64\debug\variables2basics.tlog\link.write.1.tlog
