c:\users\diogo\documents\github\1dae10_gd\1dae10e_11_demouracoutinho_diogo\texturesandsprites\debug\texturesandsprites.pch
c:\users\diogo\documents\github\1dae10_gd\1dae10e_11_demouracoutinho_diogo\texturesandsprites\debug\vc142.pdb
c:\users\diogo\documents\github\1dae10_gd\1dae10e_11_demouracoutinho_diogo\texturesandsprites\debug\vc142.idb
c:\users\diogo\documents\github\1dae10_gd\1dae10e_11_demouracoutinho_diogo\texturesandsprites\debug\pch.obj
c:\users\diogo\documents\github\1dae10_gd\1dae10e_11_demouracoutinho_diogo\texturesandsprites\debug\utils.obj
c:\users\diogo\documents\github\1dae10_gd\1dae10e_11_demouracoutinho_diogo\texturesandsprites\debug\structs.obj
c:\users\diogo\documents\github\1dae10_gd\1dae10e_11_demouracoutinho_diogo\texturesandsprites\debug\sprite.obj
c:\users\diogo\documents\github\1dae10_gd\1dae10e_11_demouracoutinho_diogo\texturesandsprites\debug\main.obj
c:\users\diogo\documents\github\1dae10_gd\1dae10e_11_demouracoutinho_diogo\texturesandsprites\debug\game.obj
c:\users\diogo\documents\github\1dae10_gd\1dae10e_11_demouracoutinho_diogo\texturesandsprites\debug\core.obj
c:\users\diogo\documents\github\1dae10_gd\1dae10e_11_demouracoutinho_diogo\texturesandsprites\debug\texturesandsprites.ilk
c:\users\diogo\documents\github\1dae10_gd\1dae10e_11_demouracoutinho_diogo\texturesandsprites\debug\texturesandsprites.exe
c:\users\diogo\documents\github\1dae10_gd\1dae10e_11_demouracoutinho_diogo\texturesandsprites\debug\texturesandsprites.pdb
c:\users\diogo\documents\github\1dae10_gd\1dae10e_11_demouracoutinho_diogo\texturesandsprites\debug\libflac-8.dll
c:\users\diogo\documents\github\1dae10_gd\1dae10e_11_demouracoutinho_diogo\texturesandsprites\debug\libfreetype-6.dll
c:\users\diogo\documents\github\1dae10_gd\1dae10e_11_demouracoutinho_diogo\texturesandsprites\debug\libjpeg-9.dll
c:\users\diogo\documents\github\1dae10_gd\1dae10e_11_demouracoutinho_diogo\texturesandsprites\debug\libmodplug-1.dll
c:\users\diogo\documents\github\1dae10_gd\1dae10e_11_demouracoutinho_diogo\texturesandsprites\debug\libmpg123-0.dll
c:\users\diogo\documents\github\1dae10_gd\1dae10e_11_demouracoutinho_diogo\texturesandsprites\debug\libogg-0.dll
c:\users\diogo\documents\github\1dae10_gd\1dae10e_11_demouracoutinho_diogo\texturesandsprites\debug\libopus-0.dll
c:\users\diogo\documents\github\1dae10_gd\1dae10e_11_demouracoutinho_diogo\texturesandsprites\debug\libopusfile-0.dll
c:\users\diogo\documents\github\1dae10_gd\1dae10e_11_demouracoutinho_diogo\texturesandsprites\debug\libpng16-16.dll
c:\users\diogo\documents\github\1dae10_gd\1dae10e_11_demouracoutinho_diogo\texturesandsprites\debug\libtiff-5.dll
c:\users\diogo\documents\github\1dae10_gd\1dae10e_11_demouracoutinho_diogo\texturesandsprites\debug\libvorbis-0.dll
c:\users\diogo\documents\github\1dae10_gd\1dae10e_11_demouracoutinho_diogo\texturesandsprites\debug\libvorbisfile-3.dll
c:\users\diogo\documents\github\1dae10_gd\1dae10e_11_demouracoutinho_diogo\texturesandsprites\debug\libwebp-7.dll
c:\users\diogo\documents\github\1dae10_gd\1dae10e_11_demouracoutinho_diogo\texturesandsprites\debug\sdl2.dll
c:\users\diogo\documents\github\1dae10_gd\1dae10e_11_demouracoutinho_diogo\texturesandsprites\debug\sdl2_image.dll
c:\users\diogo\documents\github\1dae10_gd\1dae10e_11_demouracoutinho_diogo\texturesandsprites\debug\sdl2_mixer.dll
c:\users\diogo\documents\github\1dae10_gd\1dae10e_11_demouracoutinho_diogo\texturesandsprites\debug\sdl2_ttf.dll
c:\users\diogo\documents\github\1dae10_gd\1dae10e_11_demouracoutinho_diogo\texturesandsprites\debug\zlib1.dll
c:\users\diogo\documents\github\1dae10_gd\1dae10e_11_demouracoutinho_diogo\texturesandsprites\debug\textures.8082bce0.tlog\cl.command.1.tlog
c:\users\diogo\documents\github\1dae10_gd\1dae10e_11_demouracoutinho_diogo\texturesandsprites\debug\textures.8082bce0.tlog\cl.read.1.tlog
c:\users\diogo\documents\github\1dae10_gd\1dae10e_11_demouracoutinho_diogo\texturesandsprites\debug\textures.8082bce0.tlog\cl.write.1.tlog
c:\users\diogo\documents\github\1dae10_gd\1dae10e_11_demouracoutinho_diogo\texturesandsprites\debug\textures.8082bce0.tlog\link.command.1.tlog
c:\users\diogo\documents\github\1dae10_gd\1dae10e_11_demouracoutinho_diogo\texturesandsprites\debug\textures.8082bce0.tlog\link.read.1.tlog
c:\users\diogo\documents\github\1dae10_gd\1dae10e_11_demouracoutinho_diogo\texturesandsprites\debug\textures.8082bce0.tlog\link.write.1.tlog
