c:\users\diogo\documents\github\1dae10_gd\1dae10e_010_demouracoutinho_diogo\graphicclasses\debug\graphicclasses.pch
c:\users\diogo\documents\github\1dae10_gd\1dae10e_010_demouracoutinho_diogo\graphicclasses\debug\vc142.pdb
c:\users\diogo\documents\github\1dae10_gd\1dae10e_010_demouracoutinho_diogo\graphicclasses\debug\vc142.idb
c:\users\diogo\documents\github\1dae10_gd\1dae10e_010_demouracoutinho_diogo\graphicclasses\debug\pch.obj
c:\users\diogo\documents\github\1dae10_gd\1dae10e_010_demouracoutinho_diogo\graphicclasses\debug\utils.obj
c:\users\diogo\documents\github\1dae10_gd\1dae10e_010_demouracoutinho_diogo\graphicclasses\debug\structs.obj
c:\users\diogo\documents\github\1dae10_gd\1dae10e_010_demouracoutinho_diogo\graphicclasses\debug\main.obj
c:\users\diogo\documents\github\1dae10_gd\1dae10e_010_demouracoutinho_diogo\graphicclasses\debug\light.obj
c:\users\diogo\documents\github\1dae10_gd\1dae10e_010_demouracoutinho_diogo\graphicclasses\debug\game.obj
c:\users\diogo\documents\github\1dae10_gd\1dae10e_010_demouracoutinho_diogo\graphicclasses\debug\fraction.obj
c:\users\diogo\documents\github\1dae10_gd\1dae10e_010_demouracoutinho_diogo\graphicclasses\debug\daeellipse.obj
c:\users\diogo\documents\github\1dae10_gd\1dae10e_010_demouracoutinho_diogo\graphicclasses\debug\core.obj
c:\users\diogo\documents\github\1dae10_gd\1dae10e_010_demouracoutinho_diogo\graphicclasses\debug\graphicclasses.ilk
c:\users\diogo\documents\github\1dae10_gd\1dae10e_010_demouracoutinho_diogo\graphicclasses\debug\graphicclasses.exe
c:\users\diogo\documents\github\1dae10_gd\1dae10e_010_demouracoutinho_diogo\graphicclasses\debug\graphicclasses.pdb
c:\users\diogo\documents\github\1dae10_gd\1dae10e_010_demouracoutinho_diogo\graphicclasses\debug\libflac-8.dll
c:\users\diogo\documents\github\1dae10_gd\1dae10e_010_demouracoutinho_diogo\graphicclasses\debug\libfreetype-6.dll
c:\users\diogo\documents\github\1dae10_gd\1dae10e_010_demouracoutinho_diogo\graphicclasses\debug\libjpeg-9.dll
c:\users\diogo\documents\github\1dae10_gd\1dae10e_010_demouracoutinho_diogo\graphicclasses\debug\libmodplug-1.dll
c:\users\diogo\documents\github\1dae10_gd\1dae10e_010_demouracoutinho_diogo\graphicclasses\debug\libmpg123-0.dll
c:\users\diogo\documents\github\1dae10_gd\1dae10e_010_demouracoutinho_diogo\graphicclasses\debug\libogg-0.dll
c:\users\diogo\documents\github\1dae10_gd\1dae10e_010_demouracoutinho_diogo\graphicclasses\debug\libopus-0.dll
c:\users\diogo\documents\github\1dae10_gd\1dae10e_010_demouracoutinho_diogo\graphicclasses\debug\libopusfile-0.dll
c:\users\diogo\documents\github\1dae10_gd\1dae10e_010_demouracoutinho_diogo\graphicclasses\debug\libpng16-16.dll
c:\users\diogo\documents\github\1dae10_gd\1dae10e_010_demouracoutinho_diogo\graphicclasses\debug\libtiff-5.dll
c:\users\diogo\documents\github\1dae10_gd\1dae10e_010_demouracoutinho_diogo\graphicclasses\debug\libvorbis-0.dll
c:\users\diogo\documents\github\1dae10_gd\1dae10e_010_demouracoutinho_diogo\graphicclasses\debug\libvorbisfile-3.dll
c:\users\diogo\documents\github\1dae10_gd\1dae10e_010_demouracoutinho_diogo\graphicclasses\debug\libwebp-7.dll
c:\users\diogo\documents\github\1dae10_gd\1dae10e_010_demouracoutinho_diogo\graphicclasses\debug\sdl2.dll
c:\users\diogo\documents\github\1dae10_gd\1dae10e_010_demouracoutinho_diogo\graphicclasses\debug\sdl2_image.dll
c:\users\diogo\documents\github\1dae10_gd\1dae10e_010_demouracoutinho_diogo\graphicclasses\debug\sdl2_mixer.dll
c:\users\diogo\documents\github\1dae10_gd\1dae10e_010_demouracoutinho_diogo\graphicclasses\debug\sdl2_ttf.dll
c:\users\diogo\documents\github\1dae10_gd\1dae10e_010_demouracoutinho_diogo\graphicclasses\debug\zlib1.dll
c:\users\diogo\documents\github\1dae10_gd\1dae10e_010_demouracoutinho_diogo\graphicclasses\debug\graphicclasses.tlog\cl.command.1.tlog
c:\users\diogo\documents\github\1dae10_gd\1dae10e_010_demouracoutinho_diogo\graphicclasses\debug\graphicclasses.tlog\cl.read.1.tlog
c:\users\diogo\documents\github\1dae10_gd\1dae10e_010_demouracoutinho_diogo\graphicclasses\debug\graphicclasses.tlog\cl.write.1.tlog
c:\users\diogo\documents\github\1dae10_gd\1dae10e_010_demouracoutinho_diogo\graphicclasses\debug\graphicclasses.tlog\link.command.1.tlog
c:\users\diogo\documents\github\1dae10_gd\1dae10e_010_demouracoutinho_diogo\graphicclasses\debug\graphicclasses.tlog\link.read.1.tlog
c:\users\diogo\documents\github\1dae10_gd\1dae10e_010_demouracoutinho_diogo\graphicclasses\debug\graphicclasses.tlog\link.write.1.tlog
