c:\users\diogo\documents\dae- 1st semester\_programming 01\labs\labs week 2\1dae10e_02_demouracoutinho_diogo\randomrectangles\debug\randomrectangles.pch
c:\users\diogo\documents\dae- 1st semester\_programming 01\labs\labs week 2\1dae10e_02_demouracoutinho_diogo\randomrectangles\debug\vc142.pdb
c:\users\diogo\documents\dae- 1st semester\_programming 01\labs\labs week 2\1dae10e_02_demouracoutinho_diogo\randomrectangles\debug\vc142.idb
c:\users\diogo\documents\dae- 1st semester\_programming 01\labs\labs week 2\1dae10e_02_demouracoutinho_diogo\randomrectangles\debug\pch.obj
c:\users\diogo\documents\dae- 1st semester\_programming 01\labs\labs week 2\1dae10e_02_demouracoutinho_diogo\randomrectangles\debug\utils.obj
c:\users\diogo\documents\dae- 1st semester\_programming 01\labs\labs week 2\1dae10e_02_demouracoutinho_diogo\randomrectangles\debug\structs.obj
c:\users\diogo\documents\dae- 1st semester\_programming 01\labs\labs week 2\1dae10e_02_demouracoutinho_diogo\randomrectangles\debug\main.obj
c:\users\diogo\documents\dae- 1st semester\_programming 01\labs\labs week 2\1dae10e_02_demouracoutinho_diogo\randomrectangles\debug\game.obj
c:\users\diogo\documents\dae- 1st semester\_programming 01\labs\labs week 2\1dae10e_02_demouracoutinho_diogo\randomrectangles\debug\core.obj
c:\users\diogo\documents\dae- 1st semester\_programming 01\labs\labs week 2\1dae10e_02_demouracoutinho_diogo\randomrectangles\debug\randomrectangles.ilk
c:\users\diogo\documents\dae- 1st semester\_programming 01\labs\labs week 2\1dae10e_02_demouracoutinho_diogo\randomrectangles\debug\randomrectangles.exe
c:\users\diogo\documents\dae- 1st semester\_programming 01\labs\labs week 2\1dae10e_02_demouracoutinho_diogo\randomrectangles\debug\randomrectangles.pdb
c:\users\diogo\documents\dae- 1st semester\_programming 01\labs\labs week 2\1dae10e_02_demouracoutinho_diogo\randomrectangles\debug\libflac-8.dll
c:\users\diogo\documents\dae- 1st semester\_programming 01\labs\labs week 2\1dae10e_02_demouracoutinho_diogo\randomrectangles\debug\libfreetype-6.dll
c:\users\diogo\documents\dae- 1st semester\_programming 01\labs\labs week 2\1dae10e_02_demouracoutinho_diogo\randomrectangles\debug\libjpeg-9.dll
c:\users\diogo\documents\dae- 1st semester\_programming 01\labs\labs week 2\1dae10e_02_demouracoutinho_diogo\randomrectangles\debug\libmodplug-1.dll
c:\users\diogo\documents\dae- 1st semester\_programming 01\labs\labs week 2\1dae10e_02_demouracoutinho_diogo\randomrectangles\debug\libmpg123-0.dll
c:\users\diogo\documents\dae- 1st semester\_programming 01\labs\labs week 2\1dae10e_02_demouracoutinho_diogo\randomrectangles\debug\libogg-0.dll
c:\users\diogo\documents\dae- 1st semester\_programming 01\labs\labs week 2\1dae10e_02_demouracoutinho_diogo\randomrectangles\debug\libopus-0.dll
c:\users\diogo\documents\dae- 1st semester\_programming 01\labs\labs week 2\1dae10e_02_demouracoutinho_diogo\randomrectangles\debug\libopusfile-0.dll
c:\users\diogo\documents\dae- 1st semester\_programming 01\labs\labs week 2\1dae10e_02_demouracoutinho_diogo\randomrectangles\debug\libpng16-16.dll
c:\users\diogo\documents\dae- 1st semester\_programming 01\labs\labs week 2\1dae10e_02_demouracoutinho_diogo\randomrectangles\debug\libtiff-5.dll
c:\users\diogo\documents\dae- 1st semester\_programming 01\labs\labs week 2\1dae10e_02_demouracoutinho_diogo\randomrectangles\debug\libvorbis-0.dll
c:\users\diogo\documents\dae- 1st semester\_programming 01\labs\labs week 2\1dae10e_02_demouracoutinho_diogo\randomrectangles\debug\libvorbisfile-3.dll
c:\users\diogo\documents\dae- 1st semester\_programming 01\labs\labs week 2\1dae10e_02_demouracoutinho_diogo\randomrectangles\debug\libwebp-7.dll
c:\users\diogo\documents\dae- 1st semester\_programming 01\labs\labs week 2\1dae10e_02_demouracoutinho_diogo\randomrectangles\debug\sdl2.dll
c:\users\diogo\documents\dae- 1st semester\_programming 01\labs\labs week 2\1dae10e_02_demouracoutinho_diogo\randomrectangles\debug\sdl2_image.dll
c:\users\diogo\documents\dae- 1st semester\_programming 01\labs\labs week 2\1dae10e_02_demouracoutinho_diogo\randomrectangles\debug\sdl2_mixer.dll
c:\users\diogo\documents\dae- 1st semester\_programming 01\labs\labs week 2\1dae10e_02_demouracoutinho_diogo\randomrectangles\debug\sdl2_ttf.dll
c:\users\diogo\documents\dae- 1st semester\_programming 01\labs\labs week 2\1dae10e_02_demouracoutinho_diogo\randomrectangles\debug\zlib1.dll
c:\users\diogo\documents\dae- 1st semester\_programming 01\labs\labs week 2\1dae10e_02_demouracoutinho_diogo\randomrectangles\debug\randomrectangles.tlog\cl.command.1.tlog
c:\users\diogo\documents\dae- 1st semester\_programming 01\labs\labs week 2\1dae10e_02_demouracoutinho_diogo\randomrectangles\debug\randomrectangles.tlog\cl.read.1.tlog
c:\users\diogo\documents\dae- 1st semester\_programming 01\labs\labs week 2\1dae10e_02_demouracoutinho_diogo\randomrectangles\debug\randomrectangles.tlog\cl.write.1.tlog
c:\users\diogo\documents\dae- 1st semester\_programming 01\labs\labs week 2\1dae10e_02_demouracoutinho_diogo\randomrectangles\debug\randomrectangles.tlog\link.command.1.tlog
c:\users\diogo\documents\dae- 1st semester\_programming 01\labs\labs week 2\1dae10e_02_demouracoutinho_diogo\randomrectangles\debug\randomrectangles.tlog\link.read.1.tlog
c:\users\diogo\documents\dae- 1st semester\_programming 01\labs\labs week 2\1dae10e_02_demouracoutinho_diogo\randomrectangles\debug\randomrectangles.tlog\link.write.1.tlog
