c:\users\diogo\documents\dae- 1st semester\_programming 01\labs\labs week 4\1dae10e_04_demouracoutinho_diogo\explosion\debug\explosion.pch
c:\users\diogo\documents\dae- 1st semester\_programming 01\labs\labs week 4\1dae10e_04_demouracoutinho_diogo\explosion\debug\vc142.pdb
c:\users\diogo\documents\dae- 1st semester\_programming 01\labs\labs week 4\1dae10e_04_demouracoutinho_diogo\explosion\debug\vc142.idb
c:\users\diogo\documents\dae- 1st semester\_programming 01\labs\labs week 4\1dae10e_04_demouracoutinho_diogo\explosion\debug\pch.obj
c:\users\diogo\documents\dae- 1st semester\_programming 01\labs\labs week 4\1dae10e_04_demouracoutinho_diogo\explosion\debug\utils.obj
c:\users\diogo\documents\dae- 1st semester\_programming 01\labs\labs week 4\1dae10e_04_demouracoutinho_diogo\explosion\debug\structs.obj
c:\users\diogo\documents\dae- 1st semester\_programming 01\labs\labs week 4\1dae10e_04_demouracoutinho_diogo\explosion\debug\main.obj
c:\users\diogo\documents\dae- 1st semester\_programming 01\labs\labs week 4\1dae10e_04_demouracoutinho_diogo\explosion\debug\game.obj
c:\users\diogo\documents\dae- 1st semester\_programming 01\labs\labs week 4\1dae10e_04_demouracoutinho_diogo\explosion\debug\core.obj
c:\users\diogo\documents\dae- 1st semester\_programming 01\labs\labs week 4\1dae10e_04_demouracoutinho_diogo\explosion\debug\explosion.exe
c:\users\diogo\documents\dae- 1st semester\_programming 01\labs\labs week 4\1dae10e_04_demouracoutinho_diogo\explosion\debug\explosion.ilk
c:\users\diogo\documents\dae- 1st semester\_programming 01\labs\labs week 4\1dae10e_04_demouracoutinho_diogo\explosion\debug\explosion.pdb
c:\users\diogo\documents\dae- 1st semester\_programming 01\labs\labs week 4\1dae10e_04_demouracoutinho_diogo\explosion\debug\libflac-8.dll
c:\users\diogo\documents\dae- 1st semester\_programming 01\labs\labs week 4\1dae10e_04_demouracoutinho_diogo\explosion\debug\libfreetype-6.dll
c:\users\diogo\documents\dae- 1st semester\_programming 01\labs\labs week 4\1dae10e_04_demouracoutinho_diogo\explosion\debug\libjpeg-9.dll
c:\users\diogo\documents\dae- 1st semester\_programming 01\labs\labs week 4\1dae10e_04_demouracoutinho_diogo\explosion\debug\libmodplug-1.dll
c:\users\diogo\documents\dae- 1st semester\_programming 01\labs\labs week 4\1dae10e_04_demouracoutinho_diogo\explosion\debug\libmpg123-0.dll
c:\users\diogo\documents\dae- 1st semester\_programming 01\labs\labs week 4\1dae10e_04_demouracoutinho_diogo\explosion\debug\libogg-0.dll
c:\users\diogo\documents\dae- 1st semester\_programming 01\labs\labs week 4\1dae10e_04_demouracoutinho_diogo\explosion\debug\libopus-0.dll
c:\users\diogo\documents\dae- 1st semester\_programming 01\labs\labs week 4\1dae10e_04_demouracoutinho_diogo\explosion\debug\libopusfile-0.dll
c:\users\diogo\documents\dae- 1st semester\_programming 01\labs\labs week 4\1dae10e_04_demouracoutinho_diogo\explosion\debug\libpng16-16.dll
c:\users\diogo\documents\dae- 1st semester\_programming 01\labs\labs week 4\1dae10e_04_demouracoutinho_diogo\explosion\debug\libtiff-5.dll
c:\users\diogo\documents\dae- 1st semester\_programming 01\labs\labs week 4\1dae10e_04_demouracoutinho_diogo\explosion\debug\libvorbis-0.dll
c:\users\diogo\documents\dae- 1st semester\_programming 01\labs\labs week 4\1dae10e_04_demouracoutinho_diogo\explosion\debug\libvorbisfile-3.dll
c:\users\diogo\documents\dae- 1st semester\_programming 01\labs\labs week 4\1dae10e_04_demouracoutinho_diogo\explosion\debug\libwebp-7.dll
c:\users\diogo\documents\dae- 1st semester\_programming 01\labs\labs week 4\1dae10e_04_demouracoutinho_diogo\explosion\debug\sdl2.dll
c:\users\diogo\documents\dae- 1st semester\_programming 01\labs\labs week 4\1dae10e_04_demouracoutinho_diogo\explosion\debug\sdl2_image.dll
c:\users\diogo\documents\dae- 1st semester\_programming 01\labs\labs week 4\1dae10e_04_demouracoutinho_diogo\explosion\debug\sdl2_mixer.dll
c:\users\diogo\documents\dae- 1st semester\_programming 01\labs\labs week 4\1dae10e_04_demouracoutinho_diogo\explosion\debug\sdl2_ttf.dll
c:\users\diogo\documents\dae- 1st semester\_programming 01\labs\labs week 4\1dae10e_04_demouracoutinho_diogo\explosion\debug\zlib1.dll
c:\users\diogo\documents\dae- 1st semester\_programming 01\labs\labs week 4\1dae10e_04_demouracoutinho_diogo\explosion\debug\explosion.tlog\cl.command.1.tlog
c:\users\diogo\documents\dae- 1st semester\_programming 01\labs\labs week 4\1dae10e_04_demouracoutinho_diogo\explosion\debug\explosion.tlog\cl.read.1.tlog
c:\users\diogo\documents\dae- 1st semester\_programming 01\labs\labs week 4\1dae10e_04_demouracoutinho_diogo\explosion\debug\explosion.tlog\cl.write.1.tlog
c:\users\diogo\documents\dae- 1st semester\_programming 01\labs\labs week 4\1dae10e_04_demouracoutinho_diogo\explosion\debug\explosion.tlog\link.command.1.tlog
c:\users\diogo\documents\dae- 1st semester\_programming 01\labs\labs week 4\1dae10e_04_demouracoutinho_diogo\explosion\debug\explosion.tlog\link.read.1.tlog
c:\users\diogo\documents\dae- 1st semester\_programming 01\labs\labs week 4\1dae10e_04_demouracoutinho_diogo\explosion\debug\explosion.tlog\link.write.1.tlog
