c:\users\diogo\documents\github\1dae10_gd\1dae10e_08_demouracoutinho_diogo\arrayapplications\x64\debug\arrayapplications.pch
c:\users\diogo\documents\github\1dae10_gd\1dae10e_08_demouracoutinho_diogo\arrayapplications\x64\debug\vc142.pdb
c:\users\diogo\documents\github\1dae10_gd\1dae10e_08_demouracoutinho_diogo\arrayapplications\x64\debug\vc142.idb
c:\users\diogo\documents\github\1dae10_gd\1dae10e_08_demouracoutinho_diogo\arrayapplications\x64\debug\pch.obj
c:\users\diogo\documents\github\1dae10_gd\1dae10e_08_demouracoutinho_diogo\arrayapplications\x64\debug\utils.obj
c:\users\diogo\documents\github\1dae10_gd\1dae10e_08_demouracoutinho_diogo\arrayapplications\x64\debug\structs.obj
c:\users\diogo\documents\github\1dae10_gd\1dae10e_08_demouracoutinho_diogo\arrayapplications\x64\debug\main.obj
c:\users\diogo\documents\github\1dae10_gd\1dae10e_08_demouracoutinho_diogo\arrayapplications\x64\debug\game.obj
c:\users\diogo\documents\github\1dae10_gd\1dae10e_08_demouracoutinho_diogo\arrayapplications\x64\debug\core.obj
c:\users\diogo\documents\github\1dae10_gd\1dae10e_08_demouracoutinho_diogo\arrayapplications\x64\debug\arrayapplications.ilk
c:\users\diogo\documents\github\1dae10_gd\1dae10e_08_demouracoutinho_diogo\arrayapplications\x64\debug\arrayapplications.exe
c:\users\diogo\documents\github\1dae10_gd\1dae10e_08_demouracoutinho_diogo\arrayapplications\x64\debug\arrayapplications.pdb
c:\users\diogo\documents\github\1dae10_gd\1dae10e_08_demouracoutinho_diogo\arrayapplications\x64\debug\libflac-8.dll
c:\users\diogo\documents\github\1dae10_gd\1dae10e_08_demouracoutinho_diogo\arrayapplications\x64\debug\libfreetype-6.dll
c:\users\diogo\documents\github\1dae10_gd\1dae10e_08_demouracoutinho_diogo\arrayapplications\x64\debug\libjpeg-9.dll
c:\users\diogo\documents\github\1dae10_gd\1dae10e_08_demouracoutinho_diogo\arrayapplications\x64\debug\libmodplug-1.dll
c:\users\diogo\documents\github\1dae10_gd\1dae10e_08_demouracoutinho_diogo\arrayapplications\x64\debug\libmpg123-0.dll
c:\users\diogo\documents\github\1dae10_gd\1dae10e_08_demouracoutinho_diogo\arrayapplications\x64\debug\libogg-0.dll
c:\users\diogo\documents\github\1dae10_gd\1dae10e_08_demouracoutinho_diogo\arrayapplications\x64\debug\libopus-0.dll
c:\users\diogo\documents\github\1dae10_gd\1dae10e_08_demouracoutinho_diogo\arrayapplications\x64\debug\libopusfile-0.dll
c:\users\diogo\documents\github\1dae10_gd\1dae10e_08_demouracoutinho_diogo\arrayapplications\x64\debug\libpng16-16.dll
c:\users\diogo\documents\github\1dae10_gd\1dae10e_08_demouracoutinho_diogo\arrayapplications\x64\debug\libtiff-5.dll
c:\users\diogo\documents\github\1dae10_gd\1dae10e_08_demouracoutinho_diogo\arrayapplications\x64\debug\libvorbis-0.dll
c:\users\diogo\documents\github\1dae10_gd\1dae10e_08_demouracoutinho_diogo\arrayapplications\x64\debug\libvorbisfile-3.dll
c:\users\diogo\documents\github\1dae10_gd\1dae10e_08_demouracoutinho_diogo\arrayapplications\x64\debug\libwebp-7.dll
c:\users\diogo\documents\github\1dae10_gd\1dae10e_08_demouracoutinho_diogo\arrayapplications\x64\debug\sdl2.dll
c:\users\diogo\documents\github\1dae10_gd\1dae10e_08_demouracoutinho_diogo\arrayapplications\x64\debug\sdl2_image.dll
c:\users\diogo\documents\github\1dae10_gd\1dae10e_08_demouracoutinho_diogo\arrayapplications\x64\debug\sdl2_mixer.dll
c:\users\diogo\documents\github\1dae10_gd\1dae10e_08_demouracoutinho_diogo\arrayapplications\x64\debug\sdl2_ttf.dll
c:\users\diogo\documents\github\1dae10_gd\1dae10e_08_demouracoutinho_diogo\arrayapplications\x64\debug\zlib1.dll
c:\users\diogo\documents\github\1dae10_gd\1dae10e_08_demouracoutinho_diogo\arrayapplications\x64\debug\arrayapp.793836d8.tlog\cl.command.1.tlog
c:\users\diogo\documents\github\1dae10_gd\1dae10e_08_demouracoutinho_diogo\arrayapplications\x64\debug\arrayapp.793836d8.tlog\cl.read.1.tlog
c:\users\diogo\documents\github\1dae10_gd\1dae10e_08_demouracoutinho_diogo\arrayapplications\x64\debug\arrayapp.793836d8.tlog\cl.write.1.tlog
c:\users\diogo\documents\github\1dae10_gd\1dae10e_08_demouracoutinho_diogo\arrayapplications\x64\debug\arrayapp.793836d8.tlog\link.command.1.tlog
c:\users\diogo\documents\github\1dae10_gd\1dae10e_08_demouracoutinho_diogo\arrayapplications\x64\debug\arrayapp.793836d8.tlog\link.read.1.tlog
c:\users\diogo\documents\github\1dae10_gd\1dae10e_08_demouracoutinho_diogo\arrayapplications\x64\debug\arrayapp.793836d8.tlog\link.write.1.tlog
