  pch.cpp
  Core.cpp
  Game.cpp
  main.cpp
  structs.cpp
  utils.cpp
  Generating Code...
  MovingLines.vcxproj -> C:\Users\diogo\Documents\GitHub\1DAE10_GD\1DAE10E_03_deMouraCoutinho_Diogo\MovingLines\x64\Debug\MovingLines.exe
  COPY THE DLL FILES
  C:\Users\diogo\Documents\GitHub\1DAE10_GD\1DAE10E_03_deMouraCoutinho_Diogo\MovingLines\Libraries\SDL2-2.0.10\lib\x64\SDL2.dll
  1 File(s) copied
  C:\Users\diogo\Documents\GitHub\1DAE10_GD\1DAE10E_03_deMouraCoutinho_Diogo\MovingLines\Libraries\SDL2_image-2.0.5\lib\x64\libjpeg-9.dll
  C:\Users\diogo\Documents\GitHub\1DAE10_GD\1DAE10E_03_deMouraCoutinho_Diogo\MovingLines\Libraries\SDL2_image-2.0.5\lib\x64\libpng16-16.dll
  C:\Users\diogo\Documents\GitHub\1DAE10_GD\1DAE10E_03_deMouraCoutinho_Diogo\MovingLines\Libraries\SDL2_image-2.0.5\lib\x64\libtiff-5.dll
  C:\Users\diogo\Documents\GitHub\1DAE10_GD\1DAE10E_03_deMouraCoutinho_Diogo\MovingLines\Libraries\SDL2_image-2.0.5\lib\x64\libwebp-7.dll
  C:\Users\diogo\Documents\GitHub\1DAE10_GD\1DAE10E_03_deMouraCoutinho_Diogo\MovingLines\Libraries\SDL2_image-2.0.5\lib\x64\SDL2_image.dll
  C:\Users\diogo\Documents\GitHub\1DAE10_GD\1DAE10E_03_deMouraCoutinho_Diogo\MovingLines\Libraries\SDL2_image-2.0.5\lib\x64\zlib1.dll
  6 File(s) copied
  C:\Users\diogo\Documents\GitHub\1DAE10_GD\1DAE10E_03_deMouraCoutinho_Diogo\MovingLines\Libraries\SDL2_mixer-2.0.4\lib\x64\libFLAC-8.dll
  C:\Users\diogo\Documents\GitHub\1DAE10_GD\1DAE10E_03_deMouraCoutinho_Diogo\MovingLines\Libraries\SDL2_mixer-2.0.4\lib\x64\libmodplug-1.dll
  C:\Users\diogo\Documents\GitHub\1DAE10_GD\1DAE10E_03_deMouraCoutinho_Diogo\MovingLines\Libraries\SDL2_mixer-2.0.4\lib\x64\libmpg123-0.dll
  C:\Users\diogo\Documents\GitHub\1DAE10_GD\1DAE10E_03_deMouraCoutinho_Diogo\MovingLines\Libraries\SDL2_mixer-2.0.4\lib\x64\libogg-0.dll
  C:\Users\diogo\Documents\GitHub\1DAE10_GD\1DAE10E_03_deMouraCoutinho_Diogo\MovingLines\Libraries\SDL2_mixer-2.0.4\lib\x64\libopus-0.dll
  C:\Users\diogo\Documents\GitHub\1DAE10_GD\1DAE10E_03_deMouraCoutinho_Diogo\MovingLines\Libraries\SDL2_mixer-2.0.4\lib\x64\libopusfile-0.dll
  C:\Users\diogo\Documents\GitHub\1DAE10_GD\1DAE10E_03_deMouraCoutinho_Diogo\MovingLines\Libraries\SDL2_mixer-2.0.4\lib\x64\libvorbis-0.dll
  C:\Users\diogo\Documents\GitHub\1DAE10_GD\1DAE10E_03_deMouraCoutinho_Diogo\MovingLines\Libraries\SDL2_mixer-2.0.4\lib\x64\libvorbisfile-3.dll
  C:\Users\diogo\Documents\GitHub\1DAE10_GD\1DAE10E_03_deMouraCoutinho_Diogo\MovingLines\Libraries\SDL2_mixer-2.0.4\lib\x64\SDL2_mixer.dll
  9 File(s) copied
  C:\Users\diogo\Documents\GitHub\1DAE10_GD\1DAE10E_03_deMouraCoutinho_Diogo\MovingLines\Libraries\SDL2_ttf-2.0.15\lib\x64\libfreetype-6.dll
  C:\Users\diogo\Documents\GitHub\1DAE10_GD\1DAE10E_03_deMouraCoutinho_Diogo\MovingLines\Libraries\SDL2_ttf-2.0.15\lib\x64\SDL2_ttf.dll
  C:\Users\diogo\Documents\GitHub\1DAE10_GD\1DAE10E_03_deMouraCoutinho_Diogo\MovingLines\Libraries\SDL2_ttf-2.0.15\lib\x64\zlib1.dll
  3 File(s) copied
