c:\users\diogo\documents\github\1dae10_gd\1dae10e_08_demouracoutinho_diogo\oxogame\debug\oxogame.pch
c:\users\diogo\documents\github\1dae10_gd\1dae10e_08_demouracoutinho_diogo\oxogame\debug\vc142.pdb
c:\users\diogo\documents\github\1dae10_gd\1dae10e_08_demouracoutinho_diogo\oxogame\debug\vc142.idb
c:\users\diogo\documents\github\1dae10_gd\1dae10e_08_demouracoutinho_diogo\oxogame\debug\pch.obj
c:\users\diogo\documents\github\1dae10_gd\1dae10e_08_demouracoutinho_diogo\oxogame\debug\utils.obj
c:\users\diogo\documents\github\1dae10_gd\1dae10e_08_demouracoutinho_diogo\oxogame\debug\structs.obj
c:\users\diogo\documents\github\1dae10_gd\1dae10e_08_demouracoutinho_diogo\oxogame\debug\main.obj
c:\users\diogo\documents\github\1dae10_gd\1dae10e_08_demouracoutinho_diogo\oxogame\debug\game.obj
c:\users\diogo\documents\github\1dae10_gd\1dae10e_08_demouracoutinho_diogo\oxogame\debug\core.obj
c:\users\diogo\documents\github\1dae10_gd\1dae10e_08_demouracoutinho_diogo\oxogame\debug\oxogame.ilk
c:\users\diogo\documents\github\1dae10_gd\1dae10e_08_demouracoutinho_diogo\oxogame\debug\oxogame.exe
c:\users\diogo\documents\github\1dae10_gd\1dae10e_08_demouracoutinho_diogo\oxogame\debug\oxogame.pdb
c:\users\diogo\documents\github\1dae10_gd\1dae10e_08_demouracoutinho_diogo\oxogame\debug\libflac-8.dll
c:\users\diogo\documents\github\1dae10_gd\1dae10e_08_demouracoutinho_diogo\oxogame\debug\libfreetype-6.dll
c:\users\diogo\documents\github\1dae10_gd\1dae10e_08_demouracoutinho_diogo\oxogame\debug\libjpeg-9.dll
c:\users\diogo\documents\github\1dae10_gd\1dae10e_08_demouracoutinho_diogo\oxogame\debug\libmodplug-1.dll
c:\users\diogo\documents\github\1dae10_gd\1dae10e_08_demouracoutinho_diogo\oxogame\debug\libmpg123-0.dll
c:\users\diogo\documents\github\1dae10_gd\1dae10e_08_demouracoutinho_diogo\oxogame\debug\libogg-0.dll
c:\users\diogo\documents\github\1dae10_gd\1dae10e_08_demouracoutinho_diogo\oxogame\debug\libopus-0.dll
c:\users\diogo\documents\github\1dae10_gd\1dae10e_08_demouracoutinho_diogo\oxogame\debug\libopusfile-0.dll
c:\users\diogo\documents\github\1dae10_gd\1dae10e_08_demouracoutinho_diogo\oxogame\debug\libpng16-16.dll
c:\users\diogo\documents\github\1dae10_gd\1dae10e_08_demouracoutinho_diogo\oxogame\debug\libtiff-5.dll
c:\users\diogo\documents\github\1dae10_gd\1dae10e_08_demouracoutinho_diogo\oxogame\debug\libvorbis-0.dll
c:\users\diogo\documents\github\1dae10_gd\1dae10e_08_demouracoutinho_diogo\oxogame\debug\libvorbisfile-3.dll
c:\users\diogo\documents\github\1dae10_gd\1dae10e_08_demouracoutinho_diogo\oxogame\debug\libwebp-7.dll
c:\users\diogo\documents\github\1dae10_gd\1dae10e_08_demouracoutinho_diogo\oxogame\debug\sdl2.dll
c:\users\diogo\documents\github\1dae10_gd\1dae10e_08_demouracoutinho_diogo\oxogame\debug\sdl2_image.dll
c:\users\diogo\documents\github\1dae10_gd\1dae10e_08_demouracoutinho_diogo\oxogame\debug\sdl2_mixer.dll
c:\users\diogo\documents\github\1dae10_gd\1dae10e_08_demouracoutinho_diogo\oxogame\debug\sdl2_ttf.dll
c:\users\diogo\documents\github\1dae10_gd\1dae10e_08_demouracoutinho_diogo\oxogame\debug\zlib1.dll
c:\users\diogo\documents\github\1dae10_gd\1dae10e_08_demouracoutinho_diogo\oxogame\debug\oxogame.tlog\cl.command.1.tlog
c:\users\diogo\documents\github\1dae10_gd\1dae10e_08_demouracoutinho_diogo\oxogame\debug\oxogame.tlog\cl.read.1.tlog
c:\users\diogo\documents\github\1dae10_gd\1dae10e_08_demouracoutinho_diogo\oxogame\debug\oxogame.tlog\cl.write.1.tlog
c:\users\diogo\documents\github\1dae10_gd\1dae10e_08_demouracoutinho_diogo\oxogame\debug\oxogame.tlog\link.command.1.tlog
c:\users\diogo\documents\github\1dae10_gd\1dae10e_08_demouracoutinho_diogo\oxogame\debug\oxogame.tlog\link.read.1.tlog
c:\users\diogo\documents\github\1dae10_gd\1dae10e_08_demouracoutinho_diogo\oxogame\debug\oxogame.tlog\link.write.1.tlog
