c:\users\diogo\documents\dae- 1st semester\_programming 01\labs\labs week 4\1dae10e_04_demouracoutinho_diogo\sdlevents\debug\sdlevents.pch
c:\users\diogo\documents\dae- 1st semester\_programming 01\labs\labs week 4\1dae10e_04_demouracoutinho_diogo\sdlevents\debug\vc142.pdb
c:\users\diogo\documents\dae- 1st semester\_programming 01\labs\labs week 4\1dae10e_04_demouracoutinho_diogo\sdlevents\debug\vc142.idb
c:\users\diogo\documents\dae- 1st semester\_programming 01\labs\labs week 4\1dae10e_04_demouracoutinho_diogo\sdlevents\debug\pch.obj
c:\users\diogo\documents\dae- 1st semester\_programming 01\labs\labs week 4\1dae10e_04_demouracoutinho_diogo\sdlevents\debug\utils.obj
c:\users\diogo\documents\dae- 1st semester\_programming 01\labs\labs week 4\1dae10e_04_demouracoutinho_diogo\sdlevents\debug\structs.obj
c:\users\diogo\documents\dae- 1st semester\_programming 01\labs\labs week 4\1dae10e_04_demouracoutinho_diogo\sdlevents\debug\main.obj
c:\users\diogo\documents\dae- 1st semester\_programming 01\labs\labs week 4\1dae10e_04_demouracoutinho_diogo\sdlevents\debug\game.obj
c:\users\diogo\documents\dae- 1st semester\_programming 01\labs\labs week 4\1dae10e_04_demouracoutinho_diogo\sdlevents\debug\core.obj
c:\users\diogo\documents\dae- 1st semester\_programming 01\labs\labs week 4\1dae10e_04_demouracoutinho_diogo\sdlevents\debug\sdlevents.ilk
c:\users\diogo\documents\dae- 1st semester\_programming 01\labs\labs week 4\1dae10e_04_demouracoutinho_diogo\sdlevents\debug\sdlevents.exe
c:\users\diogo\documents\dae- 1st semester\_programming 01\labs\labs week 4\1dae10e_04_demouracoutinho_diogo\sdlevents\debug\sdlevents.pdb
c:\users\diogo\documents\dae- 1st semester\_programming 01\labs\labs week 4\1dae10e_04_demouracoutinho_diogo\sdlevents\debug\libflac-8.dll
c:\users\diogo\documents\dae- 1st semester\_programming 01\labs\labs week 4\1dae10e_04_demouracoutinho_diogo\sdlevents\debug\libfreetype-6.dll
c:\users\diogo\documents\dae- 1st semester\_programming 01\labs\labs week 4\1dae10e_04_demouracoutinho_diogo\sdlevents\debug\libjpeg-9.dll
c:\users\diogo\documents\dae- 1st semester\_programming 01\labs\labs week 4\1dae10e_04_demouracoutinho_diogo\sdlevents\debug\libmodplug-1.dll
c:\users\diogo\documents\dae- 1st semester\_programming 01\labs\labs week 4\1dae10e_04_demouracoutinho_diogo\sdlevents\debug\libmpg123-0.dll
c:\users\diogo\documents\dae- 1st semester\_programming 01\labs\labs week 4\1dae10e_04_demouracoutinho_diogo\sdlevents\debug\libogg-0.dll
c:\users\diogo\documents\dae- 1st semester\_programming 01\labs\labs week 4\1dae10e_04_demouracoutinho_diogo\sdlevents\debug\libopus-0.dll
c:\users\diogo\documents\dae- 1st semester\_programming 01\labs\labs week 4\1dae10e_04_demouracoutinho_diogo\sdlevents\debug\libopusfile-0.dll
c:\users\diogo\documents\dae- 1st semester\_programming 01\labs\labs week 4\1dae10e_04_demouracoutinho_diogo\sdlevents\debug\libpng16-16.dll
c:\users\diogo\documents\dae- 1st semester\_programming 01\labs\labs week 4\1dae10e_04_demouracoutinho_diogo\sdlevents\debug\libtiff-5.dll
c:\users\diogo\documents\dae- 1st semester\_programming 01\labs\labs week 4\1dae10e_04_demouracoutinho_diogo\sdlevents\debug\libvorbis-0.dll
c:\users\diogo\documents\dae- 1st semester\_programming 01\labs\labs week 4\1dae10e_04_demouracoutinho_diogo\sdlevents\debug\libvorbisfile-3.dll
c:\users\diogo\documents\dae- 1st semester\_programming 01\labs\labs week 4\1dae10e_04_demouracoutinho_diogo\sdlevents\debug\libwebp-7.dll
c:\users\diogo\documents\dae- 1st semester\_programming 01\labs\labs week 4\1dae10e_04_demouracoutinho_diogo\sdlevents\debug\sdl2.dll
c:\users\diogo\documents\dae- 1st semester\_programming 01\labs\labs week 4\1dae10e_04_demouracoutinho_diogo\sdlevents\debug\sdl2_image.dll
c:\users\diogo\documents\dae- 1st semester\_programming 01\labs\labs week 4\1dae10e_04_demouracoutinho_diogo\sdlevents\debug\sdl2_mixer.dll
c:\users\diogo\documents\dae- 1st semester\_programming 01\labs\labs week 4\1dae10e_04_demouracoutinho_diogo\sdlevents\debug\sdl2_ttf.dll
c:\users\diogo\documents\dae- 1st semester\_programming 01\labs\labs week 4\1dae10e_04_demouracoutinho_diogo\sdlevents\debug\zlib1.dll
c:\users\diogo\documents\dae- 1st semester\_programming 01\labs\labs week 4\1dae10e_04_demouracoutinho_diogo\sdlevents\debug\sdlevents.tlog\cl.command.1.tlog
c:\users\diogo\documents\dae- 1st semester\_programming 01\labs\labs week 4\1dae10e_04_demouracoutinho_diogo\sdlevents\debug\sdlevents.tlog\cl.read.1.tlog
c:\users\diogo\documents\dae- 1st semester\_programming 01\labs\labs week 4\1dae10e_04_demouracoutinho_diogo\sdlevents\debug\sdlevents.tlog\cl.write.1.tlog
c:\users\diogo\documents\dae- 1st semester\_programming 01\labs\labs week 4\1dae10e_04_demouracoutinho_diogo\sdlevents\debug\sdlevents.tlog\link.command.1.tlog
c:\users\diogo\documents\dae- 1st semester\_programming 01\labs\labs week 4\1dae10e_04_demouracoutinho_diogo\sdlevents\debug\sdlevents.tlog\link.read.1.tlog
c:\users\diogo\documents\dae- 1st semester\_programming 01\labs\labs week 4\1dae10e_04_demouracoutinho_diogo\sdlevents\debug\sdlevents.tlog\link.write.1.tlog
