c:\users\diogo\documents\dae- 1st semester\_programming 01\labs\labs week 2\1dae10e_02_demouracoutinho_diogo\beam\debug\beam.pch
c:\users\diogo\documents\dae- 1st semester\_programming 01\labs\labs week 2\1dae10e_02_demouracoutinho_diogo\beam\debug\vc142.pdb
c:\users\diogo\documents\dae- 1st semester\_programming 01\labs\labs week 2\1dae10e_02_demouracoutinho_diogo\beam\debug\vc142.idb
c:\users\diogo\documents\dae- 1st semester\_programming 01\labs\labs week 2\1dae10e_02_demouracoutinho_diogo\beam\debug\pch.obj
c:\users\diogo\documents\dae- 1st semester\_programming 01\labs\labs week 2\1dae10e_02_demouracoutinho_diogo\beam\debug\utils.obj
c:\users\diogo\documents\dae- 1st semester\_programming 01\labs\labs week 2\1dae10e_02_demouracoutinho_diogo\beam\debug\structs.obj
c:\users\diogo\documents\dae- 1st semester\_programming 01\labs\labs week 2\1dae10e_02_demouracoutinho_diogo\beam\debug\main.obj
c:\users\diogo\documents\dae- 1st semester\_programming 01\labs\labs week 2\1dae10e_02_demouracoutinho_diogo\beam\debug\game.obj
c:\users\diogo\documents\dae- 1st semester\_programming 01\labs\labs week 2\1dae10e_02_demouracoutinho_diogo\beam\debug\core.obj
c:\users\diogo\documents\dae- 1st semester\_programming 01\labs\labs week 2\1dae10e_02_demouracoutinho_diogo\beam\debug\beam.ilk
c:\users\diogo\documents\dae- 1st semester\_programming 01\labs\labs week 2\1dae10e_02_demouracoutinho_diogo\beam\debug\beam.exe
c:\users\diogo\documents\dae- 1st semester\_programming 01\labs\labs week 2\1dae10e_02_demouracoutinho_diogo\beam\debug\beam.pdb
c:\users\diogo\documents\dae- 1st semester\_programming 01\labs\labs week 2\1dae10e_02_demouracoutinho_diogo\beam\debug\libflac-8.dll
c:\users\diogo\documents\dae- 1st semester\_programming 01\labs\labs week 2\1dae10e_02_demouracoutinho_diogo\beam\debug\libfreetype-6.dll
c:\users\diogo\documents\dae- 1st semester\_programming 01\labs\labs week 2\1dae10e_02_demouracoutinho_diogo\beam\debug\libjpeg-9.dll
c:\users\diogo\documents\dae- 1st semester\_programming 01\labs\labs week 2\1dae10e_02_demouracoutinho_diogo\beam\debug\libmodplug-1.dll
c:\users\diogo\documents\dae- 1st semester\_programming 01\labs\labs week 2\1dae10e_02_demouracoutinho_diogo\beam\debug\libmpg123-0.dll
c:\users\diogo\documents\dae- 1st semester\_programming 01\labs\labs week 2\1dae10e_02_demouracoutinho_diogo\beam\debug\libogg-0.dll
c:\users\diogo\documents\dae- 1st semester\_programming 01\labs\labs week 2\1dae10e_02_demouracoutinho_diogo\beam\debug\libopus-0.dll
c:\users\diogo\documents\dae- 1st semester\_programming 01\labs\labs week 2\1dae10e_02_demouracoutinho_diogo\beam\debug\libopusfile-0.dll
c:\users\diogo\documents\dae- 1st semester\_programming 01\labs\labs week 2\1dae10e_02_demouracoutinho_diogo\beam\debug\libpng16-16.dll
c:\users\diogo\documents\dae- 1st semester\_programming 01\labs\labs week 2\1dae10e_02_demouracoutinho_diogo\beam\debug\libtiff-5.dll
c:\users\diogo\documents\dae- 1st semester\_programming 01\labs\labs week 2\1dae10e_02_demouracoutinho_diogo\beam\debug\libvorbis-0.dll
c:\users\diogo\documents\dae- 1st semester\_programming 01\labs\labs week 2\1dae10e_02_demouracoutinho_diogo\beam\debug\libvorbisfile-3.dll
c:\users\diogo\documents\dae- 1st semester\_programming 01\labs\labs week 2\1dae10e_02_demouracoutinho_diogo\beam\debug\libwebp-7.dll
c:\users\diogo\documents\dae- 1st semester\_programming 01\labs\labs week 2\1dae10e_02_demouracoutinho_diogo\beam\debug\sdl2.dll
c:\users\diogo\documents\dae- 1st semester\_programming 01\labs\labs week 2\1dae10e_02_demouracoutinho_diogo\beam\debug\sdl2_image.dll
c:\users\diogo\documents\dae- 1st semester\_programming 01\labs\labs week 2\1dae10e_02_demouracoutinho_diogo\beam\debug\sdl2_mixer.dll
c:\users\diogo\documents\dae- 1st semester\_programming 01\labs\labs week 2\1dae10e_02_demouracoutinho_diogo\beam\debug\sdl2_ttf.dll
c:\users\diogo\documents\dae- 1st semester\_programming 01\labs\labs week 2\1dae10e_02_demouracoutinho_diogo\beam\debug\zlib1.dll
c:\users\diogo\documents\dae- 1st semester\_programming 01\labs\labs week 2\1dae10e_02_demouracoutinho_diogo\beam\debug\beam.tlog\cl.command.1.tlog
c:\users\diogo\documents\dae- 1st semester\_programming 01\labs\labs week 2\1dae10e_02_demouracoutinho_diogo\beam\debug\beam.tlog\cl.read.1.tlog
c:\users\diogo\documents\dae- 1st semester\_programming 01\labs\labs week 2\1dae10e_02_demouracoutinho_diogo\beam\debug\beam.tlog\cl.write.1.tlog
c:\users\diogo\documents\dae- 1st semester\_programming 01\labs\labs week 2\1dae10e_02_demouracoutinho_diogo\beam\debug\beam.tlog\link.command.1.tlog
c:\users\diogo\documents\dae- 1st semester\_programming 01\labs\labs week 2\1dae10e_02_demouracoutinho_diogo\beam\debug\beam.tlog\link.read.1.tlog
c:\users\diogo\documents\dae- 1st semester\_programming 01\labs\labs week 2\1dae10e_02_demouracoutinho_diogo\beam\debug\beam.tlog\link.write.1.tlog
